<?xml version="1.0" encoding="UTF-8"?>
<testng-results ignored="0" total="1" passed="1" failed="0" skipped="0">
  <reporter-output>
    <line>
      <![CDATA[Brower value is not Matcing]]>
    </line>
    <line>
      <![CDATA[no of rows are::9]]>
    </line>
    <line>
      <![CDATA[Login Succes::dashboard  http://webapp.qedgetech.com/dashboard.php]]>
    </line>
    <line>
      <![CDATA[Login Succes::dashboard  http://webapp.qedgetech.com/dashboard.php]]>
    </line>
    <line>
      <![CDATA[Incorrect user ID or password  dashboard  http://webapp.qedgetech.com/login.php]]>
    </line>
    <line>
      <![CDATA[Login Succes::dashboard  http://webapp.qedgetech.com/dashboard.php]]>
    </line>
    <line>
      <![CDATA[Incorrect user ID or password  dashboard  http://webapp.qedgetech.com/login.php]]>
    </line>
    <line>
      <![CDATA[Incorrect user ID or password  dashboard  http://webapp.qedgetech.com/login.php]]>
    </line>
    <line>
      <![CDATA[Incorrect user ID or password  dashboard  http://webapp.qedgetech.com/login.php]]>
    </line>
    <line>
      <![CDATA[Incorrect user ID or password  dashboard  http://webapp.qedgetech.com/login.php]]>
    </line>
    <line>
      <![CDATA[Login Succes::dashboard  http://webapp.qedgetech.com/dashboard.php]]>
    </line>
  </reporter-output>
  <suite started-at="2023-12-09T15:46:29 IST" name="Default suite" finished-at="2023-12-09T15:47:29 IST" duration-ms="59908">
    <groups>
    </groups>
    <test started-at="2023-12-09T15:46:29 IST" name="Default test" finished-at="2023-12-09T15:47:29 IST" duration-ms="59908">
      <class name="driverFactory.AppTest">
        <test-method is-config="true" signature="setup()[pri:0, instance:driverFactory.AppTest@6c1a5b54]" started-at="2023-12-09T15:46:29 IST" name="setup" finished-at="2023-12-09T15:46:31 IST" duration-ms="1884" status="PASS">
          <reporter-output>
            <line>
              <![CDATA[Brower value is not Matcing]]>
            </line>
          </reporter-output>
        </test-method> <!-- setup -->
        <test-method signature="startTest()[pri:0, instance:driverFactory.AppTest@6c1a5b54]" started-at="2023-12-09T15:46:31 IST" name="startTest" finished-at="2023-12-09T15:47:28 IST" duration-ms="57780" status="PASS">
          <reporter-output>
            <line>
              <![CDATA[no of rows are::9]]>
            </line>
            <line>
              <![CDATA[Login Succes::dashboard  http://webapp.qedgetech.com/dashboard.php]]>
            </line>
            <line>
              <![CDATA[Login Succes::dashboard  http://webapp.qedgetech.com/dashboard.php]]>
            </line>
            <line>
              <![CDATA[Incorrect user ID or password  dashboard  http://webapp.qedgetech.com/login.php]]>
            </line>
            <line>
              <![CDATA[Login Succes::dashboard  http://webapp.qedgetech.com/dashboard.php]]>
            </line>
            <line>
              <![CDATA[Incorrect user ID or password  dashboard  http://webapp.qedgetech.com/login.php]]>
            </line>
            <line>
              <![CDATA[Incorrect user ID or password  dashboard  http://webapp.qedgetech.com/login.php]]>
            </line>
            <line>
              <![CDATA[Incorrect user ID or password  dashboard  http://webapp.qedgetech.com/login.php]]>
            </line>
            <line>
              <![CDATA[Incorrect user ID or password  dashboard  http://webapp.qedgetech.com/login.php]]>
            </line>
            <line>
              <![CDATA[Login Succes::dashboard  http://webapp.qedgetech.com/dashboard.php]]>
            </line>
          </reporter-output>
        </test-method> <!-- startTest -->
        <test-method is-config="true" signature="tearDown()[pri:0, instance:driverFactory.AppTest@6c1a5b54]" started-at="2023-12-09T15:47:28 IST" name="tearDown" finished-at="2023-12-09T15:47:29 IST" duration-ms="202" status="PASS">
          <reporter-output>
          </reporter-output>
        </test-method> <!-- tearDown -->
      </class> <!-- driverFactory.AppTest -->
    </test> <!-- Default test -->
  </suite> <!-- Default suite -->
</testng-results>
